<?xml version="1.0" encoding="UTF-8"?>
<testng-results ignored="0" total="2" passed="2" failed="0" skipped="0">
  <reporter-output>
  </reporter-output>
  <suite started-at="2022-02-15T10:17:13 EET" name="Default suite" finished-at="2022-02-15T10:17:13 EET" duration-ms="313">
    <groups>
    </groups>
    <test started-at="2022-02-15T10:17:13 EET" name="Default test" finished-at="2022-02-15T10:17:13 EET" duration-ms="313">
      <class name="curs12.TestCeva">
        <test-method signature="loginTest()[pri:1, instance:curs12.TestCeva@6b4a4e18]" started-at="2022-02-15T10:17:13 EET" name="loginTest" finished-at="2022-02-15T10:17:13 EET" duration-ms="285" status="PASS">
          <reporter-output>
          </reporter-output>
        </test-method> <!-- loginTest -->
        <test-method is-config="true" signature="resetPage(java.lang.reflect.Method)[pri:0, instance:curs12.TestCeva@6b4a4e18]" started-at="2022-02-15T10:17:13 EET" name="resetPage" finished-at="2022-02-15T10:17:13 EET" duration-ms="1" status="PASS">
          <params>
            <param index="0">
              <value>
                <![CDATA[public void curs12.TestCeva.loginTest()]]>
              </value>
            </param>
          </params>
          <reporter-output>
          </reporter-output>
        </test-method> <!-- resetPage -->
        <test-method signature="altTest()[pri:2, instance:curs12.TestCeva@6b4a4e18]" started-at="2022-02-15T10:17:13 EET" name="altTest" finished-at="2022-02-15T10:17:13 EET" duration-ms="1" status="PASS">
          <reporter-output>
          </reporter-output>
        </test-method> <!-- altTest -->
        <test-method is-config="true" signature="resetPage(java.lang.reflect.Method)[pri:0, instance:curs12.TestCeva@6b4a4e18]" started-at="2022-02-15T10:17:13 EET" name="resetPage" finished-at="2022-02-15T10:17:13 EET" duration-ms="4" status="PASS">
          <params>
            <param index="0">
              <value>
                <![CDATA[public void curs12.TestCeva.altTest()]]>
              </value>
            </param>
          </params>
          <reporter-output>
          </reporter-output>
        </test-method> <!-- resetPage -->
      </class> <!-- curs12.TestCeva -->
    </test> <!-- Default test -->
  </suite> <!-- Default suite -->
</testng-results>
